0 info it worked if it ends with ok
1 verbose cli [ 'D:\\Project\\2017\\MyVTGT\\myvtg-frontend\\node\\node',
1 verbose cli   'D:\\Project\\2017\\MyVTGT\\myvtg-frontend\\node\\npm\\bin\\npm-cli.js',
1 verbose cli   'install',
1 verbose cli   '--color=false' ]
2 info using npm@1.4.3
3 info using node@v0.10.26
4 verbose node symlink D:\Project\2017\MyVTGT\myvtg-frontend\node\node
5 error install Couldn't read dependencies
6 error package.json ENOENT, open 'D:\Project\2017\MyVTGT\myvtg-frontend\package.json'
6 error package.json This is most likely not a problem with npm itself.
6 error package.json npm can't find a package.json file in your current directory.
7 error System Windows_NT 6.2.9200
8 error command "D:\\Project\\2017\\MyVTGT\\myvtg-frontend\\node\\node" "D:\\Project\\2017\\MyVTGT\\myvtg-frontend\\node\\npm\\bin\\npm-cli.js" "install" "--color=false"
9 error cwd D:\Project\2017\MyVTGT\myvtg-frontend
10 error node -v v0.10.26
11 error npm -v 1.4.3
12 error path D:\Project\2017\MyVTGT\myvtg-frontend\package.json
13 error code ENOPACKAGEJSON
14 error errno 34
15 verbose exit [ 34, true ]
